SF:lib/src/mixins.dart
DA:4,72
DA:5,72
DA:9,1
DA:10,1
LF:4
LH:4
end_of_record
SF:lib/src/watch_it_state.dart
DA:3,3
DA:4,3
DA:5,6
DA:7,9
DA:10,6
DA:27,8
DA:39,16
DA:41,6
DA:44,8
DA:46,8
DA:47,16
DA:50,3
DA:51,3
DA:52,3
DA:53,6
DA:54,3
DA:56,3
DA:57,3
DA:61,5
DA:64,5
DA:65,5
DA:66,15
DA:85,3
DA:89,3
DA:90,3
DA:91,3
DA:96,8
DA:97,8
DA:98,8
DA:99,3
DA:101,16
DA:106,9
DA:107,9
DA:112,9
DA:113,21
DA:114,3
DA:115,3
DA:121,2
DA:122,2
DA:125,4
DA:127,4
DA:128,4
DA:129,4
DA:132,1
DA:133,1
DA:134,1
DA:138,9
DA:141,2
DA:144,27
DA:149,8
DA:150,8
DA:151,32
DA:152,24
DA:153,24
DA:154,32
DA:155,8
DA:164,8
DA:166,8
DA:167,13
DA:168,5
DA:169,1
DA:173,16
DA:174,8
DA:179,8
DA:187,8
DA:194,6
DA:199,1
DA:206,12
DA:207,6
DA:212,2
DA:223,1
DA:224,3
DA:226,1
DA:230,6
DA:236,8
DA:238,24
DA:239,8
DA:243,15
DA:245,8
DA:249,8
DA:250,8
DA:257,3
DA:258,2
DA:259,1
DA:261,8
DA:263,2
DA:264,2
DA:266,6
DA:269,8
DA:272,8
DA:273,8
DA:275,8
DA:277,2
DA:283,2
DA:284,2
DA:285,1
DA:287,8
DA:289,1
DA:290,1
DA:292,3
DA:298,2
DA:303,2
DA:306,4
DA:309,1
DA:315,2
DA:318,2
DA:319,2
DA:320,6
DA:322,4
DA:323,2
DA:328,2
DA:329,2
DA:335,2
DA:336,4
DA:337,2
DA:338,2
DA:342,2
DA:344,2
DA:347,4
DA:358,4
DA:364,4
DA:369,12
DA:370,3
DA:371,12
DA:373,2
DA:378,2
DA:385,4
DA:389,8
DA:390,2
DA:391,8
DA:393,0
DA:398,1
DA:399,2
DA:400,2
DA:407,4
DA:413,4
DA:414,12
DA:418,8
DA:420,4
DA:426,4
DA:427,3
DA:428,3
DA:435,2
DA:436,1
DA:438,6
DA:439,2
DA:441,6
DA:442,3
DA:445,1
DA:446,1
DA:453,1
DA:454,1
DA:456,1
DA:457,1
DA:458,1
DA:459,1
DA:461,1
DA:462,1
DA:463,1
DA:466,4
DA:467,4
DA:468,4
DA:469,4
DA:472,2
DA:476,0
DA:479,1
DA:480,1
DA:482,1
DA:483,1
DA:484,1
DA:485,1
DA:487,2
DA:489,16
DA:490,12
DA:491,6
DA:492,2
DA:495,3
DA:496,12
DA:499,0
DA:511,0
DA:533,4
DA:549,4
DA:557,4
DA:561,2
DA:562,2
DA:563,2
DA:564,1
DA:566,8
DA:567,2
DA:570,4
DA:577,3
DA:578,3
DA:579,3
DA:580,1
DA:582,12
DA:583,3
DA:586,3
DA:590,2
DA:592,2
DA:599,4
DA:603,0
DA:604,0
DA:605,0
DA:606,0
DA:608,0
DA:609,0
DA:612,2
DA:616,2
DA:617,2
DA:618,2
DA:619,1
DA:625,3
DA:627,4
DA:629,4
DA:635,4
DA:638,4
DA:639,4
DA:640,2
DA:641,6
DA:646,8
DA:647,4
DA:650,8
DA:653,4
DA:657,4
DA:658,4
DA:659,4
DA:660,4
DA:661,4
DA:671,8
DA:674,8
DA:675,7
DA:676,4
DA:677,4
DA:678,2
DA:680,16
DA:681,4
DA:684,2
DA:685,2
DA:691,4
DA:693,2
DA:694,2
DA:695,4
DA:696,1
DA:697,1
DA:698,1
DA:700,8
DA:701,2
DA:706,8
DA:707,4
DA:708,0
DA:709,0
DA:710,0
DA:711,0
DA:712,0
DA:714,0
DA:715,0
DA:718,4
DA:721,2
DA:727,2
DA:728,2
DA:737,3
DA:738,3
DA:741,3
DA:742,3
DA:746,6
DA:747,2
DA:748,2
DA:749,4
DA:751,1
DA:752,2
DA:754,1
DA:757,1
DA:760,6
DA:762,3
DA:764,3
DA:765,1
DA:767,3
DA:770,2
DA:772,2
DA:775,2
DA:778,2
DA:780,0
DA:782,2
DA:783,1
DA:785,2
DA:787,1
DA:790,1
DA:797,2
DA:803,2
DA:804,2
DA:805,1
DA:811,2
DA:813,2
DA:814,2
DA:815,2
DA:817,1
DA:820,2
DA:822,2
DA:825,6
DA:829,2
DA:830,8
DA:833,2
DA:834,2
DA:836,1
DA:839,0
DA:840,0
DA:842,0
DA:845,3
DA:852,3
DA:853,2
DA:854,1
DA:860,3
DA:862,3
DA:863,3
DA:864,0
DA:866,1
DA:868,3
DA:869,3
DA:872,3
DA:873,6
DA:877,6
DA:878,3
DA:879,6
DA:883,3
DA:884,3
DA:886,0
DA:889,0
DA:890,0
DA:892,0
DA:899,2
DA:903,2
DA:904,2
DA:905,2
DA:906,1
DA:912,6
DA:913,4
DA:916,2
DA:918,2
DA:925,2
DA:927,2
DA:928,2
DA:929,2
DA:930,2
DA:931,1
DA:937,4
DA:938,2
DA:944,3
DA:945,3
DA:946,3
DA:947,4
DA:948,2
DA:954,3
DA:955,9
DA:957,3
DA:958,6
DA:964,3
DA:966,3
DA:970,3
DA:973,3
DA:977,3
DA:979,3
DA:983,6
DA:988,3
DA:989,2
DA:993,1
DA:994,1
DA:998,9
DA:1000,9
DA:1001,6
DA:1007,3
DA:1008,3
DA:1009,3
DA:1010,4
DA:1011,2
DA:1019,3
DA:1020,3
DA:1021,3
DA:1022,2
DA:1023,1
DA:1029,3
DA:1030,3
DA:1034,9
DA:1036,17
DA:1037,8
DA:1039,18
DA:1040,9
DA:1043,9
DA:1045,9
DA:1046,9
DA:1047,6
DA:1049,10
DA:1050,12
DA:1051,9
LF:393
LH:367
end_of_record
SF:lib/src/widgets.dart
DA:4,1
DA:6,1
DA:8,1
DA:12,2
DA:14,2
DA:15,2
LF:6
LH:6
end_of_record
SF:lib/src/elements.dart
DA:7,12
DA:9,24
DA:10,12
DA:13,12
DA:16,24
DA:17,12
DA:20,12
DA:27,12
DA:29,24
DA:30,12
DA:36,9
DA:41,3
LF:12
LH:12
end_of_record
SF:lib/src/watch_it_tracing.dart
DA:59,4
DA:62,1
DA:70,1
DA:72,4
DA:74,1
DA:78,1
DA:80,1
DA:82,0
DA:84,0
DA:86,0
DA:88,0
DA:90,0
DA:92,0
DA:94,0
DA:96,0
DA:98,0
DA:100,0
DA:102,0
DA:135,2
DA:146,2
DA:148,2
DA:154,1
DA:155,1
DA:156,1
DA:161,1
DA:163,3
DA:164,3
DA:165,3
LF:28
LH:17
end_of_record
SF:lib/src/watch_it.dart
DA:19,27
DA:24,3
DA:87,3
DA:88,3
DA:91,3
DA:101,4
DA:102,4
DA:104,4
DA:105,4
DA:106,4
DA:131,5
DA:137,5
DA:139,5
DA:140,5
DA:141,5
DA:148,5
DA:169,2
DA:175,2
DA:179,2
DA:180,2
DA:181,2
DA:183,4
DA:187,2
DA:214,5
DA:223,5
DA:226,5
DA:227,5
DA:230,1
DA:231,2
DA:233,1
DA:236,4
DA:266,5
DA:275,5
DA:278,5
DA:279,4
DA:282,1
DA:283,2
DA:285,1
DA:288,4
DA:290,4
DA:323,4
DA:334,4
DA:337,4
DA:338,4
DA:341,2
DA:342,2
DA:344,1
DA:347,3
DA:370,2
DA:379,2
DA:382,2
DA:383,2
DA:385,2
DA:409,3
DA:420,3
DA:423,3
DA:424,2
DA:427,1
DA:428,2
DA:430,1
DA:433,2
DA:465,3
DA:477,3
DA:480,3
DA:481,2
DA:484,1
DA:485,2
DA:487,1
DA:490,2
DA:493,2
DA:510,2
DA:515,2
DA:517,2
DA:532,1
DA:538,1
DA:540,1
DA:555,3
DA:560,3
DA:562,3
DA:580,2
DA:584,2
DA:587,2
DA:593,3
DA:594,3
DA:596,3
DA:602,2
DA:604,2
DA:606,2
DA:651,3
DA:652,3
DA:654,3
DA:701,3
DA:703,3
DA:705,3
DA:709,3
DA:710,3
DA:712,3
DA:724,3
DA:729,3
DA:733,3
DA:746,2
DA:749,2
DA:752,2
DA:769,3
DA:774,3
DA:776,3
LF:106
LH:106
end_of_record
